C51 COMPILER V9.54   BUTTON                                                                07/21/2021 18:53:18 PAGE 1   


C51 COMPILER V9.54, COMPILATION OF MODULE BUTTON
OBJECT MODULE PLACED IN .\outHex\button.obj
COMPILER INVOKED BY: C:\Keil_v5\C51\BIN\C51.EXE ..\..\BUTTON\button.c OPTIMIZE(9,SPEED) BROWSE INCDIR(..\..\74HC573;..\.
                    -.\BUTTON;..\..\DS18B20;..\..\exti_interrupt;..\..\IIC;..\..\LCD1602;..\..\motor_encode;..\..\mystring;..\..\pcf8591;..\.
                    -.\PWM;..\..\software_timer;..\..\TIMER;..\..\UART;..\..\AT24CXX) DEBUG OBJECTEXTEND PRINT(.\Listings\button.lst) TABS(2)
                    - OBJECT(.\outHex\button.obj)

line level    source

   1          #include "button.h"
   2          /*æŒ‰çº½å®šä¹‰*/
   3          
   4          typedef int(*p_fun_get_button_status)(void);
   5          typedef struct button
   6          {
   7            p_fun_get_button_status get_status;  
   8            int button_press_counter;            
   9          }button;
  10          
  11          int get_esc_button()
  12          {
  13   1        esc_button = 1;
  14   1        return esc_button;
  15   1      }
  16          
  17          int get_up_button()
  18          {
  19   1        up_button = 1;
  20   1        return up_button;
  21   1      }
  22          
  23          int get_down_button()
  24          {
  25   1        down_button = 1;
  26   1        return down_button;
  27   1      }
  28          
  29          int get_enter_button()
  30          {
  31   1        enter_button =1;
  32   1        return enter_button;
  33   1      }
  34          
  35          button btn_array[] =
  36          {
  37            {get_esc_button,0},
  38            {get_up_button,0},
  39            {get_down_button,0},
  40            {get_enter_button,0}
  41          };
  42          
  43          /*æŒ‰çº½API
  44          btn_no:æŒ‰é’®ç¼–å·
  45          btn_press_cnt:æ£€æŸ¥æŒç»­æŒ‰åŽ‹çš„æ—¶é—´èŠ‚æ‹ï¼Œå…·ä½“æ—¶é•¿æ ¹æ®å‡½æ•°è¢«è°ƒç”¨æ—¶çš„ä¸Šä¸‹æ–‡è€Œå®šã€
             -‚
  46          è¿”å›žå€¼:å­˜åœ¨æ²¡æŒ‰ä¸‹ã€æŒ‰ä¸‹ã€å’ŒæŒç»­æŒ‰ä¸‹ã€‚æŒç»­æŒ‰ä¸‹æ˜¯æŒ‡å·²ç»è¢«æŒ‰äº†btn_press_cntçš„æ—
             -¶é—´ã€‚
  47          */
  48          int button_get_status(int btn_no,unsigned int btn_press_cnt)
  49          { 
  50   1        button* btn = &btn_array[btn_no];
C51 COMPILER V9.54   BUTTON                                                                07/21/2021 18:53:18 PAGE 2   

  51   1        int btn_status = BUTTON_FREE;
  52   1        btn_status = btn->get_status();
  53   1        if(btn_status == BUTTON_PRESS)
  54   1        {
  55   2          if(btn->button_press_counter<65535)
  56   2          {
  57   3            btn->button_press_counter++;
  58   3          }
  59   2        }
  60   1        else
  61   1        {
  62   2          btn->button_press_counter = 0;
  63   2        }
  64   1        
  65   1        if(btn->button_press_counter >= btn_press_cnt)
  66   1        {
  67   2          btn_status = BUTTON_LONG_PRESS;
  68   2          btn->button_press_counter = 0;
  69   2        }
  70   1        
  71   1        return btn_status;
  72   1      }
  73          


MODULE INFORMATION:   STATIC OVERLAYABLE
   CODE SIZE        =    172    ----
   CONSTANT SIZE    =   ----    ----
   XDATA SIZE       =   ----    ----
   PDATA SIZE       =   ----    ----
   DATA SIZE        =     20       7
   IDATA SIZE       =   ----    ----
   BIT SIZE         =   ----    ----
END OF MODULE INFORMATION.


C51 COMPILATION COMPLETE.  0 WARNING(S),  0 ERROR(S)
