C51 COMPILER V9.54   UART                                                                  07/04/2021 20:58:36 PAGE 1   


C51 COMPILER V9.54, COMPILATION OF MODULE UART
OBJECT MODULE PLACED IN .\outHex\UART.obj
COMPILER INVOKED BY: C:\Keil_v5\C51\BIN\C51.EXE ..\..\UART\UART.c OPTIMIZE(8,SPEED) BROWSE INCDIR(..\..\74HC573;..\..\BU
                    -TTON;..\..\DS18B20;..\..\exti_interrupt;..\..\IIC;..\..\LCD1602;..\..\motor_encode;..\..\mystring;..\..\pcf8591;..\..\PW
                    -M;..\..\software_timer;..\..\TIMER;..\..\UART;..\..\AT24CXX) DEBUG OBJECTEXTEND PRINT(.\Listings\UART.lst) TABS(2) OBJEC
                    -T(.\outHex\UART.obj)

line level    source

   1          #include "UART.h"
   2          
   3          //-----------------UART---------------
   4          void Uart_init()
   5          {
   6   1          TMOD |= 0x20; 
   7   1          TH1 = 0xfd; 
   8   1          TL1 = 0xfd;
   9   1          SM0 = 0;
  10   1          SM1 = 1;
  11   1          REN = 1;
  12   1          PCON = 0x00; 
  13   1         
  14   1          ES = 1; 
  15   1          EA = 1; 
  16   1          TR1 = 1;  
  17   1      
  18   1      }
  19          
  20          void Uart_Send( char Data)
  21          {
  22   1        SBUF=Data; 
  23   1       
  24   1        while(TI==0);      
  25   1        TI=0;
  26   1       
  27   1      }
  28          
  29          char putchar(char c)
  30          {
  31   1        
  32   1        Uart_Send(c);
  33   1        return c;
  34   1        
  35   1      }
  36          
  37          void Uart_puts(const char* str)
  38          {
  39   1        int i = 0;
  40   1       
  41   1        
  42   1        while(str[i]!='\0')
  43   1        {
  44   2          putchar(str[i]);
  45   2          i++;
  46   2        }
  47   1       
  48   1      }
  49          
  50          void Uart_IRQ() interrupt 4
  51          {
  52   1        //串口数据接收标志位
C51 COMPILER V9.54   UART                                                                  07/04/2021 20:58:36 PAGE 2   

  53   1        if(RI == 1)
  54   1        {
  55   2          RI = 0;
  56   2          //data = SBUF
  57   2        
  58   2        }   
  59   1        //串口数据发送完成标志位
  60   1        if(TI == 0)
  61   1        {
  62   2          TI = 0;
  63   2          
  64   2        }
  65   1        
  66   1      }


MODULE INFORMATION:   STATIC OVERLAYABLE
   CODE SIZE        =     86    ----
   CONSTANT SIZE    =   ----    ----
   XDATA SIZE       =   ----    ----
   PDATA SIZE       =   ----    ----
   DATA SIZE        =   ----       3
   IDATA SIZE       =   ----    ----
   BIT SIZE         =   ----    ----
END OF MODULE INFORMATION.


C51 COMPILATION COMPLETE.  0 WARNING(S),  0 ERROR(S)
