C51 COMPILER V9.54   74HC573                                                               05/06/2021 19:23:10 PAGE 1   


C51 COMPILER V9.54, COMPILATION OF MODULE 74HC573
OBJECT MODULE PLACED IN .\outHex\74hc573.obj
COMPILER INVOKED BY: C:\Keil_v5\C51\BIN\C51.EXE ..\74HC573\74hc573.c OPTIMIZE(8,SPEED) BROWSE INCDIR(..\LCD1602;..\UART;
                    -..\BUTTON;..\motor_encode;..\TIMER;..\PWM;..\software_timer;..\mystring;..\DS18B20;..\exti_interrupt;..\IIC;..\pcf8591;.
                    -.\74HC573) DEBUG OBJECTEXTEND PRINT(.\Listings\74hc573.lst) TABS(2) OBJECT(.\outHex\74hc573.obj)

line level    source

   1          #include "74hc573.h"
   2          
   3          void   locker_unlock(int locker_sel)
   4          {
   5   1          if(locker_sel == 0)
   6   1          {
   7   2            LOCKER_LE_0 = 1;
   8   2          }
   9   1          if(locker_sel == 1)
  10   1          {
  11   2            LOCKER_LE_1 = 1;
  12   2          }
  13   1      }
  14          
  15          void   locker_lock()
  16          {
  17   1          LOCKER_LE_0 = 0;
  18   1          LOCKER_LE_1 = 0;
  19   1      }
  20          
  21          void   locker_datset(int locker_sel,unsigned char dat)
  22          {
  23   1          locker_lock();
  24   1          locker_unlock(locker_sel);
  25   1          LOCKER_DATA = dat;
  26   1          locker_lock();  
  27   1      }
  28          
  29          void   locker_setbit(int locker_sel,int bit_set)
  30          {   locker_lock();
  31   1          locker_unlock(locker_sel);
  32   1          LOCKER_DATA |= (1<<bit_set);
  33   1          locker_lock();
  34   1      }
  35          
  36          void   locker_resetbit(int locker_sel,int bit_set)
  37          {   locker_lock();
  38   1          locker_unlock(locker_sel);
  39   1          LOCKER_DATA &= ~(1<<bit_set);
  40   1          locker_lock();
  41   1      }


MODULE INFORMATION:   STATIC OVERLAYABLE
   CODE SIZE        =     77    ----
   CONSTANT SIZE    =   ----    ----
   XDATA SIZE       =   ----    ----
   PDATA SIZE       =   ----    ----
   DATA SIZE        =   ----    ----
   IDATA SIZE       =   ----    ----
   BIT SIZE         =   ----    ----
END OF MODULE INFORMATION.


C51 COMPILATION COMPLETE.  0 WARNING(S),  0 ERROR(S)
