C51 COMPILER V9.54   DS18B20                                                               05/07/2021 22:44:08 PAGE 1   


C51 COMPILER V9.54, COMPILATION OF MODULE DS18B20
OBJECT MODULE PLACED IN .\outHex\ds18b20.obj
COMPILER INVOKED BY: C:\Keil_v5\C51\BIN\C51.EXE ..\..\DS18B20\ds18b20.c OPTIMIZE(8,SPEED) BROWSE INCDIR(..\..\74HC573;..
                    -\..\BUTTON;..\..\DS18B20;..\..\exti_interrupt;..\..\IIC;..\..\LCD1602;..\..\motor_encode;..\..\mystring;..\..\pcf8591;..
                    -\..\PWM;..\..\software_timer;..\..\TIMER;..\..\UART) DEBUG OBJECTEXTEND PRINT(.\Listings\ds18b20.lst) TABS(2) OBJECT(.\o
                    -utHex\ds18b20.obj)

line level    source

   1          #include "ds18b20.h"
   2          #include<intrins.h>
   3          
   4          #define TIME_OUT 100
   5          
   6          void ds18b20_delayms(unsigned int ms)
   7          {
   8   1        unsigned int i,j;
   9   1        for(i=ms;i>0;i--)
  10   1          for(j=120;j>0;j--);
  11   1      }
  12          
  13          void ds18b20_delayus(unsigned char  us) 
  14          {
  15   1        while(us--);
  16   1      }
  17          
  18          void ds18b20_init()
  19          {
  20   1        int timeout = 0;
  21   1        ds18b20_sda=1;
  22   1        ds18b20_sda=0;
  23   1        ds18b20_delayus(80);
  24   1        ds18b20_sda=1;
  25   1        ds18b20_delayus(3);
  26   1        while(ds18b20_sda)
  27   1        {
  28   2          timeout++;
  29   2          if(timeout >TIME_OUT)
  30   2          {
  31   3            break;
  32   3          }
  33   2        }
  34   1        ds18b20_sda=1;
  35   1        ds18b20_delayus(70);
  36   1      }
  37          
  38          void ds18b20_write(unsigned char  cmd) 
  39          {
  40   1        unsigned char  i;
  41   1        for(i=0;i<8;i++)
  42   1        {
  43   2          ds18b20_sda=1;
  44   2          ds18b20_sda=0;
  45   2          _nop_();
  46   2          cmd>>=1;
  47   2          ds18b20_sda=CY;
  48   2          ds18b20_delayus(10);
  49   2        } 
  50   1      }
  51          
  52          unsigned char  ds18b20_read()
C51 COMPILER V9.54   DS18B20                                                               05/07/2021 22:44:08 PAGE 2   

  53          {
  54   1        unsigned char  t=0,i,u=1;
  55   1        for(i=0;i<8;i++)
  56   1        {
  57   2          ds18b20_sda=1;
  58   2          ds18b20_sda=0;
  59   2          ds18b20_sda=1;
  60   2          _nop_();
  61   2          if(ds18b20_sda) 
  62   2          { 
  63   3            t|=(u<<i);
  64   3            ds18b20_delayus(2);
  65   3            _nop_();
  66   3          }
  67   2          else
  68   2          {
  69   3            ds18b20_delayus(10);
  70   3          } 
  71   2        }
  72   1        return t; 
  73   1      }
  74          
  75          void ds18b20_start_get_temp()
  76          {
  77   1        ds18b20_init();
  78   1        ds18b20_write(0xcc);
  79   1        ds18b20_write(0x44);
  80   1      
  81   1      }
  82          
  83          unsigned int  ds18b20_get_temp()
  84          {
  85   1        unsigned char  low,high;
  86   1        unsigned int temp;
  87   1        float ftemp;
  88   1        ds18b20_init();
  89   1        ds18b20_write(0xcc);
  90   1        ds18b20_write(0xbe);
  91   1        low=ds18b20_read();
  92   1        high=ds18b20_read();
  93   1        temp = high;
  94   1        temp <<= 8;
  95   1        temp += low;
  96   1        ftemp = temp * 0.0625;
  97   1        temp = ftemp *10 + 0.5;
  98   1        
  99   1        return temp; 
 100   1      }
 101           
 102           


MODULE INFORMATION:   STATIC OVERLAYABLE
   CODE SIZE        =    254    ----
   CONSTANT SIZE    =   ----    ----
   XDATA SIZE       =   ----    ----
   PDATA SIZE       =   ----    ----
   DATA SIZE        =   ----       4
   IDATA SIZE       =   ----    ----
   BIT SIZE         =   ----    ----
END OF MODULE INFORMATION.


C51 COMPILATION COMPLETE.  0 WARNING(S),  0 ERROR(S)
