C51 COMPILER V9.54   EXTI_INTERRUPT                                                        05/09/2021 17:51:22 PAGE 1   


C51 COMPILER V9.54, COMPILATION OF MODULE EXTI_INTERRUPT
OBJECT MODULE PLACED IN .\outHex\exti_interrupt.obj
COMPILER INVOKED BY: C:\Keil_v5\C51\BIN\C51.EXE ..\..\exti_interrupt\exti_interrupt.c OPTIMIZE(8,SPEED) BROWSE INCDIR(..
                    -\..\74HC573;..\..\BUTTON;..\..\DS18B20;..\..\exti_interrupt;..\..\IIC;..\..\LCD1602;..\..\motor_encode;..\..\mystring;..
                    -\..\pcf8591;..\..\PWM;..\..\software_timer;..\..\TIMER;..\..\UART) DEBUG OBJECTEXTEND PRINT(.\Listings\exti_interrupt.ls
                    -t) TABS(2) OBJECT(.\outHex\exti_interrupt.obj)

line level    source

   1          #include "exti_interrupt.h"
   2          
   3          typedef void(*exti0_callback)(void);
   4          exti0_callback p_exti0_callback = 0;
   5          
   6          void exti_interrupt_init()
   7          {
   8   1        EA = 1;
   9   1        EX0 = 1;
  10   1        IT0 = 1;
  11   1      }
  12          
  13          
  14          void exti_interrupt_set_callback(void* pfun)
  15          {
  16   1        IE0 = 0;
  17   1        p_exti0_callback = (exti0_callback)pfun;
  18   1      }
  19          
  20          
  21          void exti_interrupt_ex0(void) interrupt 0
  22          { 
  23   1        EA = 0;
  24   1          if(p_exti0_callback!=0)
  25   1          {
  26   2            p_exti0_callback();
  27   2          }
  28   1        EA = 1;
  29   1      }


MODULE INFORMATION:   STATIC OVERLAYABLE
   CODE SIZE        =     91    ----
   CONSTANT SIZE    =   ----    ----
   XDATA SIZE       =   ----    ----
   PDATA SIZE       =   ----    ----
   DATA SIZE        =      3    ----
   IDATA SIZE       =   ----    ----
   BIT SIZE         =   ----    ----
END OF MODULE INFORMATION.


C51 COMPILATION COMPLETE.  0 WARNING(S),  0 ERROR(S)
