C51 COMPILER V9.54   UART                                                                  05/12/2021 22:34:26 PAGE 1   


C51 COMPILER V9.54, COMPILATION OF MODULE UART
OBJECT MODULE PLACED IN .\outHex\UART.obj
COMPILER INVOKED BY: C:\Keil_v5\C51\BIN\C51.EXE ..\..\UART\UART.c OPTIMIZE(8,SPEED) BROWSE INCDIR(..\..\74HC573;..\..\BU
                    -TTON;..\..\DS18B20;..\..\exti_interrupt;..\..\IIC;..\..\LCD1602;..\..\motor_encode;..\..\mystring;..\..\pcf8591;..\..\PW
                    -M;..\..\software_timer;..\..\TIMER;..\..\UART;..\..\motor_stepper) DEBUG OBJECTEXTEND PRINT(.\Listings\UART.lst) TABS(2)
                    - OBJECT(.\outHex\UART.obj)

line level    source

   1          #include "UART.h"
   2          
   3          //-----------------UART---------------
   4          void Uart_init()
   5          {
   6   1          TMOD |= 0x20; 
   7   1          TH1 = 0xfd; 
   8   1          TL1 = 0xfd;
   9   1          SM0 = 0;
  10   1          SM1 = 1;
  11   1          REN = 1;
  12   1          PCON = 0x00; 
  13   1         
  14   1          ES = 1; 
  15   1          EA = 1; 
  16   1          TR1 = 1;  
  17   1      
  18   1      }
  19          
  20          void Uart_Send( char Data)
  21          {
  22   1        SBUF=Data; 
  23   1        while(TI==0);      
  24   1        TI=0;
  25   1      
  26   1      }
  27          
  28          char putchar(char c)
  29          {
  30   1        
  31   1        Uart_Send(c);
  32   1        
  33   1      }
*** WARNING C173 IN LINE 33 OF ..\..\UART\UART.c: missing return-expression
  34          
  35          void Uart_puts(const char* str)
  36          {
  37   1        int i = 0;
  38   1        //EA = 0;
  39   1        
  40   1        while(str[i]!='\0')
  41   1        {
  42   2          putchar(str[i]);
  43   2          i++;
  44   2        }
  45   1        //EA = 1;
  46   1      }
  47          
  48          void Uart_IRQ() interrupt 4
  49          {
  50   1        //串口数据接收标志位
  51   1        if(RI == 1)
C51 COMPILER V9.54   UART                                                                  05/12/2021 22:34:26 PAGE 2   

  52   1        {
  53   2          RI = 0;
  54   2          //data = SBUF
  55   2        
  56   2        }   
  57   1        //串口数据发送完成标志位
  58   1        if(TI == 0)
  59   1        {
  60   2          TI = 0;
  61   2          
  62   2        }
  63   1        
  64   1      }
*** WARNING C290 IN LINE 33 OF ..\..\UART\UART.c: missing return value


MODULE INFORMATION:   STATIC OVERLAYABLE
   CODE SIZE        =     83    ----
   CONSTANT SIZE    =   ----    ----
   XDATA SIZE       =   ----    ----
   PDATA SIZE       =   ----    ----
   DATA SIZE        =   ----       3
   IDATA SIZE       =   ----    ----
   BIT SIZE         =   ----    ----
END OF MODULE INFORMATION.


C51 COMPILATION COMPLETE.  2 WARNING(S),  0 ERROR(S)
