C51 COMPILER V9.54   PCF8574                                                               12/16/2021 12:22:32 PAGE 1   


C51 COMPILER V9.54, COMPILATION OF MODULE PCF8574
OBJECT MODULE PLACED IN .\outHex\PCF8574.obj
COMPILER INVOKED BY: C:\Keil_V525\C51\BIN\C51.EXE ..\..\PCF8574\PCF8574.c LARGE OPTIMIZE(9,SPEED) BROWSE INCDIR(..\..\74
                    -HC573;..\..\BUTTON;..\..\DS18B20;..\..\exti_interrupt;..\..\IIC;..\..\LCD1602;..\..\motor_encode;..\..\mystring;..\..\pc
                    -f8591;..\..\PWM;..\..\software_timer;..\..\TIMER;..\..\UART;..\..\AT24CXX;..\..\PCF8574;..\..\KeyBoard;..\Calu) DEBUG OB
                    -JECTEXTEND PRINT(.\Listings\PCF8574.lst) TABS(2) OBJECT(.\outHex\PCF8574.obj)

line level    source

   1          
   2          #include "PCF8574.h"
   3          #include "iic.h"
   4          
   5          #define PCF8574_IIC_SLAVE_BASE 0x20
   6          
   7          void PCF8574_write_port(char chip_id,unsigned char port_data)
   8          {
   9   1        unsigned char buffer[1];
  10   1        buffer[0] =   port_data;
  11   1        iic_write_data(chip_id + PCF8574_IIC_SLAVE_BASE, buffer, 1);
  12   1      }
  13          
  14          unsigned char PCF8574_read_port(char chip_id)
  15          {
  16   1        unsigned char buffer[1];
  17   1        iic_read_data(chip_id + PCF8574_IIC_SLAVE_BASE, buffer, 1);
  18   1        return buffer[0];
  19   1      }
  20          
  21          void PCF8574_set_bit(char chip_id,char bit_num,char bit_set)
  22          {
  23   1        unsigned char port_data = PCF8574_read_port(chip_id);
  24   1        if(bit_set!=0)
  25   1        {
  26   2          port_data |= (1<<bit_num);
  27   2        }
  28   1        else
  29   1        {
  30   2          port_data &= ~(1<<bit_num);
  31   2        }
  32   1        PCF8574_write_port(chip_id,port_data);
  33   1        
  34   1      }
  35          
  36          unsigned char PCF8574_read_bit(char chip_id,char bit_num)
  37          {
  38   1        unsigned char port_data = PCF8574_read_port(chip_id);
  39   1        port_data &= (1<<bit_num);
  40   1        if(port_data == 0)
  41   1        {
  42   2          return 0;
  43   2        }
  44   1        else
  45   1        {
  46   2          return 1;
  47   2        }
  48   1       
  49   1      }


MODULE INFORMATION:   STATIC OVERLAYABLE
C51 COMPILER V9.54   PCF8574                                                               12/16/2021 12:22:32 PAGE 2   

   CODE SIZE        =    151    ----
   CONSTANT SIZE    =   ----    ----
   XDATA SIZE       =   ----       6
   PDATA SIZE       =   ----    ----
   DATA SIZE        =   ----    ----
   IDATA SIZE       =   ----    ----
   BIT SIZE         =   ----    ----
END OF MODULE INFORMATION.


C51 COMPILATION COMPLETE.  0 WARNING(S),  0 ERROR(S)
