C51 COMPILER V9.54   TIMER                                                                 12/17/2021 09:51:12 PAGE 1   


C51 COMPILER V9.54, COMPILATION OF MODULE TIMER
OBJECT MODULE PLACED IN .\outHex\timer.obj
COMPILER INVOKED BY: C:\Keil_v525\C51\BIN\C51.EXE ..\..\TIMER\timer.c LARGE OPTIMIZE(9,SPEED) BROWSE INCDIR(..\..\74HC57
                    -3;..\..\BUTTON;..\..\DS18B20;..\..\exti_interrupt;..\..\IIC;..\..\LCD1602;..\..\motor_encode;..\..\mystring;..\..\pcf859
                    -1;..\..\PWM;..\..\software_timer;..\..\TIMER;..\..\UART;..\..\AT24CXX;..\..\PCF8574;..\..\KeyBoard;..\Calu) DEBUG OBJECT
                    -EXTEND PRINT(.\Listings\timer.lst) TABS(2) OBJECT(.\outHex\timer.obj)

line level    source

   1          
   2          #include "timer.h"
   3          
   4          typedef char (*timer0_callback)(char para);
   5          
   6          timer0_callback p_timer0_callback = 0;
   7          
   8          void Timer0_Init()
   9          {
  10   1       
  11   1        TL0 = TIMER_RELOAD%256;   
  12   1        TH0 = TIMER_RELOAD/256;
  13   1        TMOD |=0x01;
  14   1        ET0 = 1;
  15   1        EA=1;
  16   1        TR0 = 1;
  17   1        
  18   1      }
  19          
  20          void Timer0_interupt_enable()
  21          {
  22   1          ET0 = 1;
  23   1        
  24   1      }
  25          void Timer0_interupt_disable()
  26          {
  27   1          ET0 = 0;
  28   1      }
  29          
  30          void Timer0_set_callback(void* pfun)
  31          {
  32   1          p_timer0_callback = (timer0_callback)pfun;
  33   1      }
  34          
  35          
  36          void timer0_irq() interrupt 1
  37          {
  38   1        EA = 0;
  39   1        TL0 = TIMER_RELOAD%256;   
  40   1        TH0 = TIMER_RELOAD/256;
  41   1        
  42   1        if(p_timer0_callback != 0)
  43   1        {
  44   2            //SP = p_timer0_callback(SP); //使用多线程操作系统
  45   2          p_timer0_callback(0);
  46   2        }
  47   1        EA = 1;
  48   1      }


MODULE INFORMATION:   STATIC OVERLAYABLE
   CODE SIZE        =    123    ----
C51 COMPILER V9.54   TIMER                                                                 12/17/2021 09:51:12 PAGE 2   

   CONSTANT SIZE    =   ----    ----
   XDATA SIZE       =      3    ----
   PDATA SIZE       =   ----    ----
   DATA SIZE        =   ----    ----
   IDATA SIZE       =   ----    ----
   BIT SIZE         =   ----    ----
END OF MODULE INFORMATION.


C51 COMPILATION COMPLETE.  0 WARNING(S),  0 ERROR(S)
